<?xml version="1.0" encoding="UTF-8"?>
<testng-results skipped="0" failed="0" ignored="0" total="1" passed="1">
  <reporter-output>
  </reporter-output>
  <suite name="Default suite" duration-ms="26557" started-at="2020-02-29T19:39:59Z" finished-at="2020-02-29T19:40:26Z">
    <groups>
    </groups>
    <test name="Default test" duration-ms="26557" started-at="2020-02-29T19:39:59Z" finished-at="2020-02-29T19:40:26Z">
      <class name="test.PostingQuickDraftTest">
        <test-method status="PASS" signature="userShouldBeAbleToPostQuickDraft()[pri:0, instance:test.PostingQuickDraftTest@7f9a81e8]" name="userShouldBeAbleToPostQuickDraft" duration-ms="24703" started-at="2020-02-29T13:39:59Z" finished-at="2020-02-29T13:40:24Z">
          <reporter-output>
          </reporter-output>
        </test-method> <!-- userShouldBeAbleToPostQuickDraft -->
        <test-method status="PASS" signature="closeBrowser()[pri:0, instance:test.PostingQuickDraftTest@7f9a81e8]" name="closeBrowser" is-config="true" duration-ms="1778" started-at="2020-02-29T13:40:24Z" finished-at="2020-02-29T13:40:26Z">
          <reporter-output>
          </reporter-output>
        </test-method> <!-- closeBrowser -->
      </class> <!-- test.PostingQuickDraftTest -->
    </test> <!-- Default test -->
  </suite> <!-- Default suite -->
</testng-results>
